LibAdvancedRecycler/build/intermediates/manifest_merge_blame_file/debug/manifest-merger-blame-debug-report.txt
1<?xml version="1.0" encoding="utf-8"?>
2<!--
3       Copyright (C) 2015 Haruki Hasegawa
4
5       Licensed under the Apache License, Version 2.0 (the "License");
6       you may not use this file except in compliance with the License.
7       You may obtain a copy of the License at
8
9           http://www.apache.org/licenses/LICENSE-2.0
10
11       Unless required by applicable law or agreed to in writing, software
12       distributed under the License is distributed on an "AS IS" BASIS,
13       WITHOUT WARRANTIES OR CONDITIONS OF ANY KIND, either express or implied.
14       See the License for the specific language governing permissions and
15       limitations under the License.
16-->
17<manifest xmlns:android="http://schemas.android.com/apk/res/android"
18    package="com.h6ah4i.android.widget.advrecyclerview" >
19
20    <uses-sdk
21        android:minSdkVersion="15"
21-->src/main/AndroidManifest.xml
22        android:targetSdkVersion="28" />
22-->src/main/AndroidManifest.xml
23
24</manifest>